[0126/085600.744:INFO:CONSOLE(7)] "Another connection wants to delete database 'wawc_db_enc'. Closing db now to resume the delete request.", source: https://web.whatsapp.com/vendor1~bootstrap_qr.08e768e46d8200cb30d9.js (7)
[0126/085600.765:INFO:CONSOLE(1)] "Another connection wants to delete database 'wawc_db_enc'. Closing db now to resume the delete request.", source: https://web.whatsapp.com/index.aaf0305ab54c5ecb7a8e.worker.js (1)
[0126/085600.823:INFO:CONSOLE(1)] "Another connection wants to delete database 'model-storage'. Closing db now to resume the delete request.", source: https://web.whatsapp.com/index.aaf0305ab54c5ecb7a8e.worker.js (1)
[0126/085600.828:INFO:CONSOLE(1)] "Another connection wants to delete database 'fts-storage'. Closing db now to resume the delete request.", source: https://web.whatsapp.com/index.aaf0305ab54c5ecb7a8e.worker.js (1)
[0126/085601.247:INFO:CONSOLE(0)] "Clear-Site-Data header on 'https://web.whatsapp.com/?post_logout=1': Cleared data types: "storage".", source: https://web.whatsapp.com/ (0)
[0126/085602.148:INFO:CONSOLE(7)] "Another connection wants to delete database 'wawc'. Closing db now to resume the delete request.", source: https://web.whatsapp.com/vendor1~bootstrap_qr.08e768e46d8200cb30d9.js (7)
[0126/085602.582:INFO:CONSOLE(0)] "Clear-Site-Data header on 'https://web.whatsapp.com/?post_logout=1': Cleared data types: "storage".", source: https://web.whatsapp.com/ (0)
[0126/085620.651:INFO:CONSOLE(1)] "Uncaught (in promise) TypeError: Failed to execute 'put' on 'Cache': Partial response (status code 206) is unsupported", source: https://web.whatsapp.com/serviceworker.js (1)
[0126/085620.653:INFO:CONSOLE(1)] "Uncaught (in promise) TypeError: Failed to execute 'put' on 'Cache': Partial response (status code 206) is unsupported", source: https://web.whatsapp.com/serviceworker.js (1)
[0126/085620.657:INFO:CONSOLE(1)] "Uncaught (in promise) TypeError: Failed to execute 'put' on 'Cache': Partial response (status code 206) is unsupported", source: https://web.whatsapp.com/serviceworker.js (1)
[0126/085701.149:ERROR:cache_util_win.cc(20)] Unable to move the cache: Acesso negado. (0x5)
[0126/085701.149:ERROR:cache_util.cc(146)] Unable to move cache folder C:\Projetos\Fisiolar\robowhats\robo-fisaep\WWebJS\session\Default\GPUCache to C:\Projetos\Fisiolar\robowhats\robo-fisaep\WWebJS\session\Default\old_GPUCache_000
[0126/085701.149:ERROR:disk_cache.cc(185)] Unable to create cache
[0126/085701.149:ERROR:shader_disk_cache.cc(612)] Shader Cache Creation failed: -2
[0126/085703.164:ERROR:cache_util_win.cc(20)] Unable to move the cache: Acesso negado. (0x5)
[0126/085703.164:ERROR:cache_util.cc(146)] Unable to move cache folder C:\Projetos\Fisiolar\robowhats\robo-fisaep\WWebJS\session\Default\Cache\Cache_Data to C:\Projetos\Fisiolar\robowhats\robo-fisaep\WWebJS\session\Default\Cache\old_Cache_Data_000
[0126/085703.164:ERROR:disk_cache.cc(185)] Unable to create cache
[0126/085704.158:ERROR:service_worker_storage.cc(1897)] Failed to delete the database: Database IO error
[0126/085707.466:ERROR:database.cc(1777)] Quota SQLite error: code 5 errno 33: database is locked sql: PRAGMA auto_vacuum
[0126/085707.497:ERROR:database.cc(1777)] Quota SQLite error: code 5 errno 33: database is locked sql: PRAGMA journal_mode=TRUNCATE
[0126/085709.288:ERROR:database.cc(1777)] Quota SQLite error: code 5 errno 33: database is locked sql: PRAGMA cache_size=500
[0126/085709.320:ERROR:database.cc(1777)] Quota SQLite error: code 5 errno 33: database is locked sql: SELECT 1 FROM sqlite_schema WHERE type=? AND name=?
[0126/085709.351:ERROR:database.cc(1777)] Quota SQLite error: code 5 errno 33: database is locked sql: SELECT 1 FROM sqlite_schema WHERE type=? AND name=?
[0126/085709.383:ERROR:database.cc(1777)] Quota SQLite error: code 5 errno 33: database is locked sql: SELECT 1 FROM sqlite_schema WHERE type=? AND name=?
[0126/085709.415:ERROR:database.cc(1777)] Quota SQLite error: code 5 errno 33: database is locked sql: CREATE TABLE meta(key LONGVARCHAR NOT NULL UNIQUE PRIMARY KEY, value LONGVARCHAR)
[0126/085709.415:ERROR:quota_database.cc(756)] Could not open the quota database, resetting.
[0126/085710.622:ERROR:cache_util_win.cc(20)] Unable to move the cache: Acesso negado. (0x5)
[0126/085710.622:ERROR:cache_util.cc(146)] Unable to move cache folder C:\Projetos\Fisiolar\robowhats\robo-fisaep\WWebJS\session\Default\GPUCache to C:\Projetos\Fisiolar\robowhats\robo-fisaep\WWebJS\session\Default\old_GPUCache_000
[0126/085710.622:ERROR:disk_cache.cc(185)] Unable to create cache
[0126/085710.622:ERROR:shader_disk_cache.cc(612)] Shader Cache Creation failed: -2
[0126/085712.341:ERROR:quota_database.cc(758)] Failed to reset the quota database.
[0126/085712.656:ERROR:cache_util_win.cc(20)] Unable to move the cache: Acesso negado. (0x5)
[0126/085712.657:ERROR:cache_util.cc(146)] Unable to move cache folder C:\Projetos\Fisiolar\robowhats\robo-fisaep\WWebJS\session\Default\Cache\Cache_Data to C:\Projetos\Fisiolar\robowhats\robo-fisaep\WWebJS\session\Default\Cache\old_Cache_Data_000
[0126/085712.657:ERROR:disk_cache.cc(185)] Unable to create cache
[0126/085713.642:ERROR:service_worker_storage.cc(1897)] Failed to delete the database: Database IO error
[0126/085714.356:ERROR:sandbox_origin_database.cc(190)] SandboxOriginDatabase failed at: Init@storage/browser/file_system/sandbox_origin_database.cc:94 with error: IO error: C:\Projetos\Fisiolar\robowhats\robo-fisaep\WWebJS\session\Default\File System\Origins/LOCK: File currently in use. (ChromeMethodBFE: 15::LockFile::2)
[0126/085714.356:WARNING:sandbox_origin_database.cc(106)] Attempting to repair SandboxOriginDatabase.
[0126/085714.372:ERROR:leveldb_factory.cc(91)] Failed to open LevelDB database from C:\Projetos\Fisiolar\robowhats\robo-fisaep\WWebJS\session\Default\IndexedDB\https_web.whatsapp.com_0.indexeddb.leveldb,IO error: C:\Projetos\Fisiolar\robowhats\robo-fisaep\WWebJS\session\Default\IndexedDB\https_web.whatsapp.com_0.indexeddb.leveldb/LOCK: File currently in use. (ChromeMethodBFE: 15::LockFile::2)
[0126/085716.392:ERROR:leveldb_factory.cc(91)] Failed to open LevelDB database from C:\Projetos\Fisiolar\robowhats\robo-fisaep\WWebJS\session\Default\IndexedDB\https_web.whatsapp.com_0.indexeddb.leveldb,IO error: C:\Projetos\Fisiolar\robowhats\robo-fisaep\WWebJS\session\Default\IndexedDB\https_web.whatsapp.com_0.indexeddb.leveldb/LOCK: File currently in use. (ChromeMethodBFE: 15::LockFile::2)
[0126/085717.654:ERROR:database.cc(1777)] Quota SQLite error: code 5 errno 33: database is locked sql: PRAGMA auto_vacuum
[0126/085717.685:ERROR:database.cc(1777)] Quota SQLite error: code 5 errno 33: database is locked sql: PRAGMA journal_mode=TRUNCATE
[0126/085718.402:WARNING:sandbox_origin_database.cc(140)] Failed to repair SandboxOriginDatabase.
[0126/085718.433:ERROR:leveldb_factory.cc(91)] Failed to open LevelDB database from C:\Projetos\Fisiolar\robowhats\robo-fisaep\WWebJS\session\Default\IndexedDB\https_web.whatsapp.com_0.indexeddb.leveldb,IO error: C:\Projetos\Fisiolar\robowhats\robo-fisaep\WWebJS\session\Default\IndexedDB\https_web.whatsapp.com_0.indexeddb.leveldb/LOCK: File currently in use. (ChromeMethodBFE: 15::LockFile::2)
[0126/085719.473:ERROR:database.cc(1777)] Quota SQLite error: code 5 errno 33: database is locked sql: PRAGMA cache_size=500
[0126/085719.504:ERROR:database.cc(1777)] Quota SQLite error: code 5 errno 33: database is locked sql: SELECT 1 FROM sqlite_schema WHERE type=? AND name=?
[0126/085719.535:ERROR:database.cc(1777)] Quota SQLite error: code 5 errno 33: database is locked sql: SELECT 1 FROM sqlite_schema WHERE type=? AND name=?
[0126/085719.566:ERROR:database.cc(1777)] Quota SQLite error: code 5 errno 33: database is locked sql: SELECT 1 FROM sqlite_schema WHERE type=? AND name=?
[0126/085719.597:ERROR:database.cc(1777)] Quota SQLite error: code 5 errno 33: database is locked sql: CREATE TABLE meta(key LONGVARCHAR NOT NULL UNIQUE PRIMARY KEY, value LONGVARCHAR)
[0126/085719.597:ERROR:quota_database.cc(756)] Could not open the quota database, resetting.
[0126/085720.042:ERROR:cache_util_win.cc(20)] Unable to move the cache: Acesso negado. (0x5)
[0126/085720.042:ERROR:cache_util.cc(146)] Unable to move cache folder C:\Projetos\Fisiolar\robowhats\robo-fisaep\WWebJS\session\Default\GPUCache to C:\Projetos\Fisiolar\robowhats\robo-fisaep\WWebJS\session\Default\old_GPUCache_000
[0126/085720.042:ERROR:disk_cache.cc(185)] Unable to create cache
[0126/085720.042:ERROR:shader_disk_cache.cc(612)] Shader Cache Creation failed: -2
[0126/085720.450:ERROR:leveldb_factory.cc(91)] Failed to open LevelDB database from C:\Projetos\Fisiolar\robowhats\robo-fisaep\WWebJS\session\Default\IndexedDB\https_web.whatsapp.com_0.indexeddb.leveldb,IO error: C:\Projetos\Fisiolar\robowhats\robo-fisaep\WWebJS\session\Default\IndexedDB\https_web.whatsapp.com_0.indexeddb.leveldb/LOCK: File currently in use. (ChromeMethodBFE: 15::LockFile::2)
[0126/085722.071:ERROR:cache_util_win.cc(20)] Unable to move the cache: Acesso negado. (0x5)
[0126/085722.071:ERROR:cache_util.cc(146)] Unable to move cache folder C:\Projetos\Fisiolar\robowhats\robo-fisaep\WWebJS\session\Default\GPUCache to C:\Projetos\Fisiolar\robowhats\robo-fisaep\WWebJS\session\Default\old_GPUCache_000
[0126/085722.071:ERROR:disk_cache.cc(185)] Unable to create cache
[0126/085722.071:ERROR:shader_disk_cache.cc(612)] Shader Cache Creation failed: -2
[0126/085722.129:ERROR:cache_util_win.cc(20)] Unable to move the cache: Acesso negado. (0x5)
[0126/085722.130:ERROR:cache_util.cc(146)] Unable to move cache folder C:\Projetos\Fisiolar\robowhats\robo-fisaep\WWebJS\session\Default\Cache\Cache_Data to C:\Projetos\Fisiolar\robowhats\robo-fisaep\WWebJS\session\Default\Cache\old_Cache_Data_000
[0126/085722.130:ERROR:disk_cache.cc(185)] Unable to create cache
[0126/085722.385:WARNING:spdy_session.cc(3220)] Received RST for invalid stream49
[0126/085722.772:ERROR:quota_database.cc(758)] Failed to reset the quota database.
[0126/085723.104:ERROR:service_worker_storage.cc(1897)] Failed to delete the database: Database IO error
[0126/085724.797:ERROR:sandbox_origin_database.cc(190)] SandboxOriginDatabase failed at: Init@storage/browser/file_system/sandbox_origin_database.cc:94 with error: IO error: C:\Projetos\Fisiolar\robowhats\robo-fisaep\WWebJS\session\Default\File System\Origins/LOCK: File currently in use. (ChromeMethodBFE: 15::LockFile::2)
[0126/085724.797:WARNING:sandbox_origin_database.cc(106)] Attempting to repair SandboxOriginDatabase.
[0126/085724.797:ERROR:leveldb_factory.cc(91)] Failed to open LevelDB database from C:\Projetos\Fisiolar\robowhats\robo-fisaep\WWebJS\session\Default\IndexedDB\https_web.whatsapp.com_0.indexeddb.leveldb,IO error: C:\Projetos\Fisiolar\robowhats\robo-fisaep\WWebJS\session\Default\IndexedDB\https_web.whatsapp.com_0.indexeddb.leveldb/LOCK: File currently in use. (ChromeMethodBFE: 15::LockFile::2)
[0126/085726.008:WARNING:spdy_session.cc(3220)] Received RST for invalid stream57
[0126/085726.479:ERROR:database.cc(1777)] Quota SQLite error: code 5 errno 33: database is locked sql: PRAGMA auto_vacuum
[0126/085726.511:ERROR:database.cc(1777)] Quota SQLite error: code 5 errno 33: database is locked sql: PRAGMA journal_mode=TRUNCATE
[0126/085726.821:ERROR:leveldb_factory.cc(91)] Failed to open LevelDB database from C:\Projetos\Fisiolar\robowhats\robo-fisaep\WWebJS\session\Default\IndexedDB\https_web.whatsapp.com_0.indexeddb.leveldb,IO error: C:\Projetos\Fisiolar\robowhats\robo-fisaep\WWebJS\session\Default\IndexedDB\https_web.whatsapp.com_0.indexeddb.leveldb/LOCK: File currently in use. (ChromeMethodBFE: 15::LockFile::2)
[0126/085728.309:ERROR:database.cc(1777)] Quota SQLite error: code 5 errno 33: database is locked sql: PRAGMA cache_size=500
[0126/085728.339:ERROR:database.cc(1777)] Quota SQLite error: code 5 errno 33: database is locked sql: SELECT 1 FROM sqlite_schema WHERE type=? AND name=?
[0126/085728.370:ERROR:database.cc(1777)] Quota SQLite error: code 5 errno 33: database is locked sql: SELECT 1 FROM sqlite_schema WHERE type=? AND name=?
[0126/085728.401:ERROR:database.cc(1777)] Quota SQLite error: code 5 errno 33: database is locked sql: SELECT 1 FROM sqlite_schema WHERE type=? AND name=?
[0126/085728.432:ERROR:database.cc(1777)] Quota SQLite error: code 5 errno 33: database is locked sql: CREATE TABLE meta(key LONGVARCHAR NOT NULL UNIQUE PRIMARY KEY, value LONGVARCHAR)
[0126/085728.432:ERROR:quota_database.cc(756)] Could not open the quota database, resetting.
[0126/085728.842:WARNING:sandbox_origin_database.cc(140)] Failed to repair SandboxOriginDatabase.
[0126/085728.873:ERROR:leveldb_factory.cc(91)] Failed to open LevelDB database from C:\Projetos\Fisiolar\robowhats\robo-fisaep\WWebJS\session\Default\IndexedDB\https_web.whatsapp.com_0.indexeddb.leveldb,IO error: C:\Projetos\Fisiolar\robowhats\robo-fisaep\WWebJS\session\Default\IndexedDB\https_web.whatsapp.com_0.indexeddb.leveldb/LOCK: File currently in use. (ChromeMethodBFE: 15::LockFile::2)
[0126/085729.679:ERROR:cache_util_win.cc(20)] Unable to move the cache: Acesso negado. (0x5)
[0126/085729.680:ERROR:cache_util.cc(146)] Unable to move cache folder C:\Projetos\Fisiolar\robowhats\robo-fisaep\WWebJS\session\Default\GPUCache to C:\Projetos\Fisiolar\robowhats\robo-fisaep\WWebJS\session\Default\old_GPUCache_000
[0126/085729.680:ERROR:disk_cache.cc(185)] Unable to create cache
[0126/085729.680:ERROR:shader_disk_cache.cc(612)] Shader Cache Creation failed: -2
[0126/085730.899:ERROR:leveldb_factory.cc(91)] Failed to open LevelDB database from C:\Projetos\Fisiolar\robowhats\robo-fisaep\WWebJS\session\Default\IndexedDB\https_web.whatsapp.com_0.indexeddb.leveldb,IO error: C:\Projetos\Fisiolar\robowhats\robo-fisaep\WWebJS\session\Default\IndexedDB\https_web.whatsapp.com_0.indexeddb.leveldb/LOCK: File currently in use. (ChromeMethodBFE: 15::LockFile::2)
[0126/085731.394:ERROR:quota_database.cc(758)] Failed to reset the quota database.
[0126/085731.719:ERROR:cache_util_win.cc(20)] Unable to move the cache: Acesso negado. (0x5)
[0126/085731.720:ERROR:cache_util.cc(146)] Unable to move cache folder C:\Projetos\Fisiolar\robowhats\robo-fisaep\WWebJS\session\Default\Cache\Cache_Data to C:\Projetos\Fisiolar\robowhats\robo-fisaep\WWebJS\session\Default\Cache\old_Cache_Data_000
[0126/085731.720:ERROR:disk_cache.cc(185)] Unable to create cache
[0126/085732.703:ERROR:service_worker_storage.cc(1897)] Failed to delete the database: Database IO error
[0126/085733.414:ERROR:sandbox_origin_database.cc(190)] SandboxOriginDatabase failed at: Init@storage/browser/file_system/sandbox_origin_database.cc:94 with error: IO error: C:\Projetos\Fisiolar\robowhats\robo-fisaep\WWebJS\session\Default\File System\Origins/LOCK: File currently in use. (ChromeMethodBFE: 15::LockFile::2)
[0126/085733.414:WARNING:sandbox_origin_database.cc(106)] Attempting to repair SandboxOriginDatabase.
[0126/085733.447:ERROR:leveldb_factory.cc(91)] Failed to open LevelDB database from C:\Projetos\Fisiolar\robowhats\robo-fisaep\WWebJS\session\Default\IndexedDB\https_web.whatsapp.com_0.indexeddb.leveldb,IO error: C:\Projetos\Fisiolar\robowhats\robo-fisaep\WWebJS\session\Default\IndexedDB\https_web.whatsapp.com_0.indexeddb.leveldb/LOCK: File currently in use. (ChromeMethodBFE: 15::LockFile::2)
[0126/085735.474:ERROR:leveldb_factory.cc(91)] Failed to open LevelDB database from C:\Projetos\Fisiolar\robowhats\robo-fisaep\WWebJS\session\Default\IndexedDB\https_web.whatsapp.com_0.indexeddb.leveldb,IO error: C:\Projetos\Fisiolar\robowhats\robo-fisaep\WWebJS\session\Default\IndexedDB\https_web.whatsapp.com_0.indexeddb.leveldb/LOCK: File currently in use. (ChromeMethodBFE: 15::LockFile::2)
[0126/085736.061:ERROR:database.cc(1777)] Quota SQLite error: code 5 errno 33: database is locked sql: PRAGMA auto_vacuum
[0126/085736.091:ERROR:database.cc(1777)] Quota SQLite error: code 5 errno 33: database is locked sql: PRAGMA journal_mode=TRUNCATE
[0126/085737.459:WARNING:sandbox_origin_database.cc(140)] Failed to repair SandboxOriginDatabase.
[0126/085737.521:ERROR:leveldb_factory.cc(91)] Failed to open LevelDB database from C:\Projetos\Fisiolar\robowhats\robo-fisaep\WWebJS\session\Default\IndexedDB\https_web.whatsapp.com_0.indexeddb.leveldb,IO error: C:\Projetos\Fisiolar\robowhats\robo-fisaep\WWebJS\session\Default\IndexedDB\https_web.whatsapp.com_0.indexeddb.leveldb/LOCK: File currently in use. (ChromeMethodBFE: 15::LockFile::2)
[0126/085737.880:ERROR:database.cc(1777)] Quota SQLite error: code 5 errno 33: database is locked sql: PRAGMA cache_size=500
[0126/085737.912:ERROR:database.cc(1777)] Quota SQLite error: code 5 errno 33: database is locked sql: SELECT 1 FROM sqlite_schema WHERE type=? AND name=?
[0126/085737.943:ERROR:database.cc(1777)] Quota SQLite error: code 5 errno 33: database is locked sql: SELECT 1 FROM sqlite_schema WHERE type=? AND name=?
[0126/085737.974:ERROR:database.cc(1777)] Quota SQLite error: code 5 errno 33: database is locked sql: SELECT 1 FROM sqlite_schema WHERE type=? AND name=?
[0126/085738.004:ERROR:database.cc(1777)] Quota SQLite error: code 5 errno 33: database is locked sql: CREATE TABLE meta(key LONGVARCHAR NOT NULL UNIQUE PRIMARY KEY, value LONGVARCHAR)
[0126/085738.004:ERROR:quota_database.cc(756)] Could not open the quota database, resetting.
[0126/085739.541:ERROR:leveldb_factory.cc(91)] Failed to open LevelDB database from C:\Projetos\Fisiolar\robowhats\robo-fisaep\WWebJS\session\Default\IndexedDB\https_web.whatsapp.com_0.indexeddb.leveldb,IO error: C:\Projetos\Fisiolar\robowhats\robo-fisaep\WWebJS\session\Default\IndexedDB\https_web.whatsapp.com_0.indexeddb.leveldb/LOCK: File currently in use. (ChromeMethodBFE: 15::LockFile::2)
[0126/085740.919:ERROR:quota_database.cc(758)] Failed to reset the quota database.
[0126/085742.939:ERROR:sandbox_origin_database.cc(190)] SandboxOriginDatabase failed at: Init@storage/browser/file_system/sandbox_origin_database.cc:94 with error: IO error: C:\Projetos\Fisiolar\robowhats\robo-fisaep\WWebJS\session\Default\File System\Origins/LOCK: File currently in use. (ChromeMethodBFE: 15::LockFile::2)
[0126/085742.939:WARNING:sandbox_origin_database.cc(106)] Attempting to repair SandboxOriginDatabase.
[0126/085742.955:ERROR:leveldb_factory.cc(91)] Failed to open LevelDB database from C:\Projetos\Fisiolar\robowhats\robo-fisaep\WWebJS\session\Default\IndexedDB\https_web.whatsapp.com_0.indexeddb.leveldb,IO error: C:\Projetos\Fisiolar\robowhats\robo-fisaep\WWebJS\session\Default\IndexedDB\https_web.whatsapp.com_0.indexeddb.leveldb/LOCK: File currently in use. (ChromeMethodBFE: 15::LockFile::2)
[0126/085744.972:ERROR:leveldb_factory.cc(91)] Failed to open LevelDB database from C:\Projetos\Fisiolar\robowhats\robo-fisaep\WWebJS\session\Default\IndexedDB\https_web.whatsapp.com_0.indexeddb.leveldb,IO error: C:\Projetos\Fisiolar\robowhats\robo-fisaep\WWebJS\session\Default\IndexedDB\https_web.whatsapp.com_0.indexeddb.leveldb/LOCK: File currently in use. (ChromeMethodBFE: 15::LockFile::2)
[0126/085746.981:WARNING:sandbox_origin_database.cc(140)] Failed to repair SandboxOriginDatabase.
[0126/085747.013:ERROR:leveldb_factory.cc(91)] Failed to open LevelDB database from C:\Projetos\Fisiolar\robowhats\robo-fisaep\WWebJS\session\Default\IndexedDB\https_web.whatsapp.com_0.indexeddb.leveldb,IO error: C:\Projetos\Fisiolar\robowhats\robo-fisaep\WWebJS\session\Default\IndexedDB\https_web.whatsapp.com_0.indexeddb.leveldb/LOCK: File currently in use. (ChromeMethodBFE: 15::LockFile::2)
[0126/085749.037:ERROR:leveldb_factory.cc(91)] Failed to open LevelDB database from C:\Projetos\Fisiolar\robowhats\robo-fisaep\WWebJS\session\Default\IndexedDB\https_web.whatsapp.com_0.indexeddb.leveldb,IO error: C:\Projetos\Fisiolar\robowhats\robo-fisaep\WWebJS\session\Default\IndexedDB\https_web.whatsapp.com_0.indexeddb.leveldb/LOCK: File currently in use. (ChromeMethodBFE: 15::LockFile::2)
[0126/090024.255:WARNING:spdy_session.cc(3220)] Received RST for invalid stream3
[0126/090034.626:WARNING:spdy_session.cc(3220)] Received RST for invalid stream5
[0126/090052.485:WARNING:spdy_session.cc(3220)] Received RST for invalid stream3
